<?xml version="1.0" encoding="UTF-8"?>
<testng-results ignored="0" total="1" passed="1" failed="0" skipped="0">
  <reporter-output>
  </reporter-output>
  <suite started-at="2020-03-12T23:49:18Z" name="Smoke-Test-CP" finished-at="2020-03-12T23:49:18Z" duration-ms="29">
    <groups>
    </groups>
    <test started-at="2020-03-12T23:49:18Z" name="Patient-Section-Smoke-Test" finished-at="2020-03-12T23:49:18Z" duration-ms="29">
      <class name="test.temp">
        <test-method signature="simpletest()[pri:0, instance:test.temp@1460a8c0]" started-at="2020-03-12T23:49:18Z" name="simpletest" finished-at="2020-03-12T23:49:18Z" duration-ms="6" status="PASS">
          <reporter-output>
          </reporter-output>
        </test-method> <!-- simpletest -->
      </class> <!-- test.temp -->
    </test> <!-- Patient-Section-Smoke-Test -->
  </suite> <!-- Smoke-Test-CP -->
</testng-results>
